0 info it worked if it ends with ok
1 verbose cli [ '/Users/loganfisher/.nvm/versions/node/v7.2.0/bin/node',
1 verbose cli   '/Users/loganfisher/.nvm/versions/node/v7.2.0/bin/npm',
1 verbose cli   'start' ]
2 info using npm@3.10.9
3 info using node@v7.2.0
4 verbose run-script [ 'prestart', 'start', 'poststart' ]
5 info lifecycle parkhub-css-framework@2.0.0~prestart: parkhub-css-framework@2.0.0
6 silly lifecycle parkhub-css-framework@2.0.0~prestart: no script for prestart, continuing
7 info lifecycle parkhub-css-framework@2.0.0~start: parkhub-css-framework@2.0.0
8 verbose lifecycle parkhub-css-framework@2.0.0~start: unsafe-perm in lifecycle true
9 verbose lifecycle parkhub-css-framework@2.0.0~start: PATH: /Users/loganfisher/.nvm/versions/node/v7.2.0/lib/node_modules/npm/bin/node-gyp-bin:/Users/loganfisher/Documents/projects/parkhub-css-framework/node_modules/.bin:/Users/loganfisher/.rvm/gems/ruby-2.0.0-p643/bin:/Users/loganfisher/.rvm/gems/ruby-2.0.0-p643@global/bin:/Users/loganfisher/.rvm/rubies/ruby-2.0.0-p643/bin:/Users/loganfisher/.nvm/versions/node/v7.2.0/bin:/usr/local/bin:/usr/bin:/bin:/usr/sbin:/sbin:/Users/loganfisher/.rvm/bin
10 verbose lifecycle parkhub-css-framework@2.0.0~start: CWD: /Users/loganfisher/Documents/projects/parkhub-css-framework
11 silly lifecycle parkhub-css-framework@2.0.0~start: Args: [ '-c', 'webpack -p' ]
12 silly lifecycle parkhub-css-framework@2.0.0~start: Returned: code: 1  signal: null
13 info lifecycle parkhub-css-framework@2.0.0~start: Failed to exec start script
14 verbose stack Error: parkhub-css-framework@2.0.0 start: `webpack -p`
14 verbose stack Exit status 1
14 verbose stack     at EventEmitter.<anonymous> (/Users/loganfisher/.nvm/versions/node/v7.2.0/lib/node_modules/npm/lib/utils/lifecycle.js:255:16)
14 verbose stack     at emitTwo (events.js:106:13)
14 verbose stack     at EventEmitter.emit (events.js:191:7)
14 verbose stack     at ChildProcess.<anonymous> (/Users/loganfisher/.nvm/versions/node/v7.2.0/lib/node_modules/npm/lib/utils/spawn.js:40:14)
14 verbose stack     at emitTwo (events.js:106:13)
14 verbose stack     at ChildProcess.emit (events.js:191:7)
14 verbose stack     at maybeClose (internal/child_process.js:885:16)
14 verbose stack     at Process.ChildProcess._handle.onexit (internal/child_process.js:226:5)
15 verbose pkgid parkhub-css-framework@2.0.0
16 verbose cwd /Users/loganfisher/Documents/projects/parkhub-css-framework
17 error Darwin 16.5.0
18 error argv "/Users/loganfisher/.nvm/versions/node/v7.2.0/bin/node" "/Users/loganfisher/.nvm/versions/node/v7.2.0/bin/npm" "start"
19 error node v7.2.0
20 error npm  v3.10.9
21 error code ELIFECYCLE
22 error parkhub-css-framework@2.0.0 start: `webpack -p`
22 error Exit status 1
23 error Failed at the parkhub-css-framework@2.0.0 start script 'webpack -p'.
23 error Make sure you have the latest version of node.js and npm installed.
23 error If you do, this is most likely a problem with the parkhub-css-framework package,
23 error not with npm itself.
23 error Tell the author that this fails on your system:
23 error     webpack -p
23 error You can get information on how to open an issue for this project with:
23 error     npm bugs parkhub-css-framework
23 error Or if that isn't available, you can get their info via:
23 error     npm owner ls parkhub-css-framework
23 error There is likely additional logging output above.
24 verbose exit [ 1, true ]
